IRT Command Language (ICL)
Version 0.020301

May 08, 2018 23:19

Number of items: 45
Number of latent variable points: 40
Number of examinee groups: 1

Default prior for a-parameters:
 lognormal  Mean: 0.000     s.d. 0.500   
Default prior for b-parameters:
none
Default prior for c-parameters:
 beta  a: 6.000   b: 16.000  lower limit: 0.000    upper limit: 1.000  

Read 700000 examinee records from file 2012-enem-responses-700k.dat

EM iterations
(iteration: parameter criterion, marginal posterior mode)
    1: 0.454463  -17052300.4279
    2: 0.223617  -17043746.8513
    3: 0.130526  -17040416.1502
    4: 0.081452  -17038765.7145
    5: 0.055730  -17037831.3146
    6: 0.040461  -17037256.2208
    7: 0.030352  -17036883.4060
    8: 0.023287  -17036633.9784
    9: 0.018166  -17036463.8499
   10: 0.014365  -17036346.4203
   11: 0.011487  -17036264.7314
   12: 0.009273  -17036207.6138
   13: 0.007545  -17036167.5404
   14: 0.006180  -17036139.3620
   15: 0.005088  -17036119.5000
   16: 0.004209  -17036105.4745
   17: 0.003488  -17036095.5581
   18: 0.002910  -17036088.5418
   19: 0.002430  -17036083.5739
   20: 0.002030  -17036080.0538
   21: 0.001696  -17036077.5569
   22: 0.001418  -17036075.7837
   23: 0.001186  -17036074.5231
   24: 0.000992  -17036073.6257

Item Parameter Estimates
(a, b, c for 3PL, 2PL, 1PL; a, b1, b2, ... for GPCM, PCM)
1	0.493497	1.370195	0.142407
2	2.087638	1.536516	0.269812
3	1.827305	1.906963	0.253904
4	2.259057	1.811936	0.201777
5	1.006671	0.348900	0.220851
6	1.503570	0.281738	0.124406
7	1.259212	0.419012	0.139824
8	1.118398	-0.719483	0.031913
9	0.789252	-1.519252	0.003696
10	1.018249	-0.350308	0.170500
11	0.897413	-0.395503	0.021844
12	0.965868	0.027420	0.108131
13	3.271419	2.072937	0.143282
14	0.882734	1.739349	0.107798
15	1.292994	-0.321148	0.132222
16	1.284412	-0.001740	0.093338
17	1.584671	0.450937	0.200788
18	0.385141	0.347035	0.007373
19	1.611991	1.304943	0.210872
20	1.396413	1.174891	0.141762
21	1.742718	1.151743	0.188869
22	1.595928	1.096840	0.136967
23	1.463247	1.211603	0.103062
24	0.753875	1.692414	0.165863
25	1.424287	1.424193	0.151684
26	0.869083	0.399670	0.132096
27	1.797263	0.974025	0.178869
28	1.914713	0.866429	0.170747
29	1.745110	1.905459	0.205823
30	0.295034	0.780043	0.004705
31	1.439169	2.435901	0.188550
32	1.945591	2.383070	0.126415
33	1.925337	2.726388	0.129522
34	1.504440	2.786363	0.169972
35	1.035283	2.394998	0.209302
36	1.693836	2.379611	0.127251
37	2.486066	2.183750	0.176490
38	2.744494	1.965413	0.209356
39	1.131633	1.997359	0.170421
40	1.524856	1.717122	0.284304
41	2.786462	1.583259	0.178564
42	2.202997	1.183601	0.181290
43	1.228789	1.300495	0.307406
44	1.057810	0.940394	0.296592
45	1.130712	0.706466	0.180748

Discrete Latent Variable Distributions
(point, probability for group 1, 2, etc)
-4.000000	2.745344e-05
-3.794872	6.106663e-05
-3.589744	1.302378e-04
-3.384615	2.663153e-04
-3.179487	5.221329e-04
-2.974359	9.815038e-04
-2.769231	1.769004e-03
-2.564103	3.056973e-03
-2.358974	5.065011e-03
-2.153846	8.046278e-03
-1.948718	1.225563e-02
-1.743590	1.789790e-02
-1.538462	2.506079e-02
-1.333333	3.364442e-02
-1.128205	4.330694e-02
-0.923077	5.344755e-02
-0.717949	6.324468e-02
-0.512821	7.175402e-02
-0.307692	7.805385e-02
-0.102564	8.140824e-02
0.102564	8.140824e-02
0.307692	7.805385e-02
0.512821	7.175402e-02
0.717949	6.324468e-02
0.923077	5.344755e-02
1.128205	4.330694e-02
1.333333	3.364442e-02
1.538462	2.506079e-02
1.743590	1.789790e-02
1.948718	1.225563e-02
2.153846	8.046278e-03
2.358974	5.065011e-03
2.564103	3.056973e-03
2.769231	1.769004e-03
2.974359	9.815038e-04
3.179487	5.221329e-04
3.384615	2.663153e-04
3.589744	1.302378e-04
3.794872	6.106663e-05
4.000000	2.745344e-05

Moments of Latent Variable Distributions (group 1, 2, etc)
Mean:	0.000000
s.d.:	0.999646

