IRT Command Language (ICL)
Version 0.020301

May 10, 2018 00:11

Number of items: 45
Number of latent variable points: 40
Number of examinee groups: 1

Default prior for a-parameters:
 beta  a: 1.010   b: 1.010   lower limit: -6.000   upper limit: 6.000  
Default prior for b-parameters:
none
Default prior for c-parameters:
 beta  a: 2.000   b: 4.000   lower limit: 0.000    upper limit: 1.000  

Read 700000 examinee records from file 2012-enem-responses-700k.dat

EM iterations
(iteration: parameter criterion, marginal posterior mode)
    1: 0.455688  -17051824.6185
    2: 0.223997  -17043249.1882
    3: 0.130762  -17039907.5556
    4: 0.081609  -17038251.9892
    5: 0.055854  -17037315.1315
    6: 0.040565  -17036738.7022
    7: 0.030439  -17036365.0153
    8: 0.023359  -17036114.9284
    9: 0.018226  -17035944.2636
   10: 0.014414  -17035826.3867
   11: 0.011527  -17035744.3265
   12: 0.009307  -17035686.9051
   13: 0.007574  -17035646.5873
   14: 0.006205  -17035618.2157
   15: 0.005110  -17035598.2028
   16: 0.004228  -17035584.0611
   17: 0.003506  -17035574.0563
   18: 0.002925  -17035566.9735
   19: 0.002444  -17035561.9559
   20: 0.002042  -17035558.3993
   21: 0.001707  -17035555.8756
   22: 0.001428  -17035554.0831
   23: 0.001195  -17035552.8085
   24: 0.001000  -17035551.9012
   25: 0.000838  -17035551.2545

Item Parameter Estimates
(a, b, c for 3PL, 2PL, 1PL; a, b1, b2, ... for GPCM, PCM)
1	0.493461	1.370137	0.142340
2	2.089856	1.536484	0.269832
3	1.829430	1.906546	0.253915
4	2.262029	1.811644	0.201789
5	1.006984	0.349346	0.220929
6	1.503811	0.282054	0.124424
7	1.259465	0.419326	0.139847
8	1.116275	-0.722316	0.029780
9	0.788406	-1.523163	0.000761
10	1.018620	-0.349534	0.170733
11	0.895330	-0.398981	0.019750
12	0.966065	0.027848	0.108196
13	3.278644	2.072272	0.143284
14	0.883128	1.739205	0.107809
15	1.293378	-0.320588	0.132370
16	1.284517	-0.001439	0.093341
17	1.585072	0.451280	0.200822
18	0.382232	0.328230	0.001720
19	1.613178	1.305060	0.210903
20	1.397047	1.175028	0.141778
21	1.743774	1.151927	0.188894
22	1.596556	1.097016	0.136977
23	1.463858	1.211725	0.103071
24	0.754183	1.692358	0.165885
25	1.425097	1.424216	0.151699
26	0.869300	0.400053	0.132152
27	1.798082	0.974269	0.178890
28	1.915449	0.866704	0.170766
29	1.747319	1.905036	0.205839
30	0.293423	0.764876	0.000984
31	1.441497	2.434712	0.188565
32	1.948625	2.381987	0.126417
33	1.932568	2.723818	0.129533
34	1.507292	2.784423	0.169977
35	1.036517	2.394056	0.209327
36	1.696225	2.378543	0.127255
37	2.490724	2.182910	0.176494
38	2.750391	1.964890	0.209367
39	1.132640	1.996912	0.170442
40	1.527668	1.716901	0.284368
41	2.789504	1.583183	0.178570
42	2.204413	1.183769	0.181304
43	1.229569	1.300629	0.307445
44	1.058328	0.940702	0.296650
45	1.131014	0.706760	0.180779

Discrete Latent Variable Distributions
(point, probability for group 1, 2, etc)
-4.000000	2.745344e-05
-3.794872	6.106663e-05
-3.589744	1.302378e-04
-3.384615	2.663153e-04
-3.179487	5.221329e-04
-2.974359	9.815038e-04
-2.769231	1.769004e-03
-2.564103	3.056973e-03
-2.358974	5.065011e-03
-2.153846	8.046278e-03
-1.948718	1.225563e-02
-1.743590	1.789790e-02
-1.538462	2.506079e-02
-1.333333	3.364442e-02
-1.128205	4.330694e-02
-0.923077	5.344755e-02
-0.717949	6.324468e-02
-0.512821	7.175402e-02
-0.307692	7.805385e-02
-0.102564	8.140824e-02
0.102564	8.140824e-02
0.307692	7.805385e-02
0.512821	7.175402e-02
0.717949	6.324468e-02
0.923077	5.344755e-02
1.128205	4.330694e-02
1.333333	3.364442e-02
1.538462	2.506079e-02
1.743590	1.789790e-02
1.948718	1.225563e-02
2.153846	8.046278e-03
2.358974	5.065011e-03
2.564103	3.056973e-03
2.769231	1.769004e-03
2.974359	9.815038e-04
3.179487	5.221329e-04
3.384615	2.663153e-04
3.589744	1.302378e-04
3.794872	6.106663e-05
4.000000	2.745344e-05

Moments of Latent Variable Distributions (group 1, 2, etc)
Mean:	0.000000
s.d.:	0.999646

