IRT Command Language (ICL)
Version 0.020301

Dec 27, 2017 23:56

Number of items: 45
Number of latent variable points: 40
Number of examinee groups: 1

Default prior for a-parameters:
 beta  a: 1.750   b: 3.000   lower limit: 0.000    upper limit: 3.000  
Default prior for b-parameters:
 beta  a: 1.010   b: 1.010   lower limit: -6.000   upper limit: 6.000  
Default prior for c-parameters:
 beta  a: 3.500   b: 4.000   lower limit: 0.000    upper limit: 0.500  

Read 5000 examinee records from file enem_2014.dat

EM iterations
(iteration: parameter criterion, marginal posterior mode)
    1: 0.524394  -122976.9683
    2: 0.530956  -122870.4809
    3: 0.283535  -122817.8473
    4: 0.211906  -122781.1209
    5: 0.192444  -122751.9644
    6: 0.151236  -122728.8081
    7: 0.114372  -122711.5122
    8: 0.085642  -122699.6870
    9: 0.070770  -122692.2586
   10: 0.055553  -122687.8705
   11: 0.041283  -122685.3674
   12: 0.029909  -122683.9615
   13: 0.021497  -122683.1749
   14: 0.017450  -122682.7334
   15: 0.014168  -122682.4838
   16: 0.011303  -122682.3413
   17: 0.008893  -122682.2587
   18: 0.006913  -122682.2099
   19: 0.005326  -122682.1803
   20: 0.004068  -122682.1619
   21: 0.003082  -122682.1499
   22: 0.002350  -122682.1417
   23: 0.001729  -122682.1359
   24: 0.001267  -122682.1317
   25: 0.000920  -122682.1284

Item Parameter Estimates
(a, b, c for 3PL, 2PL, 1PL; a, b1, b2, ... for GPCM, PCM)
1	0.534242	0.994331	0.043718
2	0.712404	1.933911	0.158870
3	1.215072	0.305793	0.074132
4	2.006521	1.912800	0.152589
5	0.758434	1.652695	0.119772
6	1.603380	1.686924	0.191512
7	2.197502	2.023853	0.246203
8	1.331242	1.115772	0.352970
9	0.863812	1.407915	0.221345
10	2.326951	1.629475	0.204786
11	1.209538	2.012088	0.149245
12	1.016697	1.975058	0.215258
13	2.108104	2.081634	0.236981
14	0.648490	0.073526	0.057607
15	1.409282	1.715704	0.153501
16	1.432892	2.562400	0.193173
17	0.887647	2.272071	0.131574
18	2.099035	1.949902	0.302052
19	0.951890	1.698243	0.185145
20	1.802290	1.956297	0.129323
21	2.173536	1.856665	0.171929
22	0.984199	2.018560	0.203437
23	2.419759	2.397224	0.260941
24	0.873873	2.127518	0.166616
25	2.167703	1.884406	0.139797
26	0.973647	2.177161	0.135632
27	1.855884	2.051903	0.190936
28	0.548779	3.521877	0.134718
29	1.054359	2.789100	0.168124
30	1.082499	2.601035	0.184415
31	0.392605	1.621600	0.091293
32	1.600969	2.478363	0.138909
33	1.729065	2.018792	0.184473
34	1.080340	2.176986	0.131435
35	1.440763	1.774313	0.198191
36	0.934754	2.167004	0.206367
37	0.610881	0.885278	0.076235
38	1.787602	1.883676	0.211210
39	0.984306	1.779452	0.218638
40	1.398349	1.737024	0.170906
41	1.058283	2.026785	0.159412
42	0.917861	1.481918	0.159924
43	1.443736	2.028836	0.187273
44	0.899671	1.882712	0.204078
45	1.630424	1.848763	0.255530

Discrete Latent Variable Distributions
(point, probability for group 1, 2, etc)
-4.000000	2.745344e-05
-3.794872	6.106663e-05
-3.589744	1.302378e-04
-3.384615	2.663153e-04
-3.179487	5.221329e-04
-2.974359	9.815038e-04
-2.769231	1.769004e-03
-2.564103	3.056973e-03
-2.358974	5.065011e-03
-2.153846	8.046278e-03
-1.948718	1.225563e-02
-1.743590	1.789790e-02
-1.538462	2.506079e-02
-1.333333	3.364442e-02
-1.128205	4.330694e-02
-0.923077	5.344755e-02
-0.717949	6.324468e-02
-0.512821	7.175402e-02
-0.307692	7.805385e-02
-0.102564	8.140824e-02
0.102564	8.140824e-02
0.307692	7.805385e-02
0.512821	7.175402e-02
0.717949	6.324468e-02
0.923077	5.344755e-02
1.128205	4.330694e-02
1.333333	3.364442e-02
1.538462	2.506079e-02
1.743590	1.789790e-02
1.948718	1.225563e-02
2.153846	8.046278e-03
2.358974	5.065011e-03
2.564103	3.056973e-03
2.769231	1.769004e-03
2.974359	9.815038e-04
3.179487	5.221329e-04
3.384615	2.663153e-04
3.589744	1.302378e-04
3.794872	6.106663e-05
4.000000	2.745344e-05

Moments of Latent Variable Distributions (group 1, 2, etc)
Mean:	0.000000
s.d.:	0.999646

