IRT Command Language (ICL)
Version 0.020301

Apr 12, 2018 07:51

Number of items: 45
Number of latent variable points: 40
Number of examinee groups: 1

Default prior for a-parameters:
 lognormal  Mean: 0.000     s.d. 0.500   
Default prior for b-parameters:
none
Default prior for c-parameters:
 beta  a: 6.000   b: 16.000  lower limit: 0.000    upper limit: 1.000  

Read 1000000 examinee records from file 2012-enem-responses-1M.dat

EM iterations
(iteration: parameter criterion, marginal posterior mode)
    1: 0.511504  -27285324.9418
    2: 0.260526  -27266305.0150
    3: 0.185240  -27259359.4714
    4: 0.265636  -27255952.2460
    5: 0.197039  -27253677.3017
    6: 0.103620  -27251812.5396
    7: 0.133527  -27250149.1029
    8: 0.148231  -27248653.6317
    9: 0.149180  -27247328.4810
   10: 0.136213  -27246168.2658
   11: 0.114433  -27245157.4323
   12: 0.097842  -27244274.8631
   13: 0.085028  -27243498.1223
   14: 0.074907  -27242806.1930
   15: 0.066707  -27242181.1178
   16: 0.060093  -27241608.6316
   17: 0.054580  -27241078.3305
   18: 0.049948  -27240583.3510
   19: 0.046008  -27240119.7760
   20: 0.042608  -27239685.4293
   21: 0.039628  -27239278.8582
   22: 0.037451  -27238899.3916
   23: 0.035633  -27238547.0459
   24: 0.033804  -27238222.1608
   25: 0.032251  -27237925.0628
   26: 0.030753  -27237655.8980
   27: 0.029209  -27237414.4520
   28: 0.027628  -27237200.0502
   29: 0.026022  -27237011.5417
   30: 0.024406  -27236847.3792
   31: 0.022793  -27236705.7087
   32: 0.021199  -27236584.4487
   33: 0.019639  -27236481.4166
   34: 0.018127  -27236394.4690
   35: 0.016674  -27236321.5726
   36: 0.015288  -27236260.8155
   37: 0.013977  -27236210.4080
   38: 0.012743  -27236168.7159
   39: 0.011590  -27236134.2998
   40: 0.010518  -27236105.9350
   41: 0.009523  -27236082.5519
   42: 0.008613  -27236063.2686
   43: 0.007781  -27236047.3631
   44: 0.007023  -27236034.2299
   45: 0.006333  -27236023.3688
   46: 0.005708  -27236014.3716
   47: 0.005139  -27236006.8974
   48: 0.004627  -27236000.6730
   49: 0.004166  -27235995.4761
   50: 0.003751  -27235991.1218
   51: 0.003379  -27235987.4610
   52: 0.003046  -27235984.3710
   53: 0.002745  -27235981.7543
   54: 0.002474  -27235979.5300
   55: 0.002231  -27235977.6315
   56: 0.002012  -27235976.0047
   57: 0.001816  -27235974.6051
   58: 0.001640  -27235973.3965
   59: 0.001482  -27235972.3487
   60: 0.001340  -27235971.4370
   61: 0.001213  -27235970.6411
   62: 0.001098  -27235969.9440
   63: 0.000996  -27235969.3314

Item Parameter Estimates
(a, b, c for 3PL, 2PL, 1PL; a, b1, b2, ... for GPCM, PCM)
1	2.604929	1.424893	0.381010
2	3.593146	1.410277	0.385491
3	2.660397	1.602373	0.316073
4	2.848778	1.543718	0.247273
5	0.805961	0.166639	0.281955
6	1.366919	0.465701	0.238310
7	1.192087	0.579740	0.229724
8	1.083151	0.249180	0.125463
9	1.190526	0.252503	0.172919
10	1.117343	0.465040	0.115697
11	0.646081	0.625034	0.032133
12	0.835151	1.094743	0.162716
13	2.775583	1.782203	0.359831
14	1.123849	1.747650	0.302823
15	0.549704	-0.019864	0.001200
16	0.584286	0.622489	0.082161
17	0.947172	1.377046	0.149100
18	0.700135	1.391407	0.127917
19	0.588703	0.804635	0.205915
20	0.577339	1.061421	0.074072
21	0.612244	1.027699	0.058537
22	0.451988	1.022946	0.002557
23	0.704332	1.321900	0.106468
24	0.662369	1.541407	0.152741
25	0.445737	1.017230	0.002225
26	0.369954	0.991627	0.004779
27	0.463803	0.897388	0.002565
28	0.703169	1.346820	0.109497
29	3.655089	1.620549	0.369586
30	0.316187	1.895596	0.071023
31	0.922518	1.819881	0.159271
32	0.680245	1.300051	0.159667
33	1.510007	1.704652	0.167668
34	1.127293	1.855694	0.248023
35	1.051513	1.519369	0.243597
36	1.129724	1.466772	0.158893
37	2.357002	1.709988	0.187680
38	2.935378	1.655801	0.245535
39	2.234968	1.658252	0.297723
40	2.495215	1.571237	0.299022
41	3.528520	1.647109	0.209431
42	2.725700	1.554009	0.248446
43	2.025876	1.481563	0.249368
44	1.303546	1.368942	0.233218
45	3.007120	1.418786	0.304269

Discrete Latent Variable Distributions
(point, probability for group 1, 2, etc)
-4.000000	2.745344e-05
-3.794872	6.106663e-05
-3.589744	1.302378e-04
-3.384615	2.663153e-04
-3.179487	5.221329e-04
-2.974359	9.815038e-04
-2.769231	1.769004e-03
-2.564103	3.056973e-03
-2.358974	5.065011e-03
-2.153846	8.046278e-03
-1.948718	1.225563e-02
-1.743590	1.789790e-02
-1.538462	2.506079e-02
-1.333333	3.364442e-02
-1.128205	4.330694e-02
-0.923077	5.344755e-02
-0.717949	6.324468e-02
-0.512821	7.175402e-02
-0.307692	7.805385e-02
-0.102564	8.140824e-02
0.102564	8.140824e-02
0.307692	7.805385e-02
0.512821	7.175402e-02
0.717949	6.324468e-02
0.923077	5.344755e-02
1.128205	4.330694e-02
1.333333	3.364442e-02
1.538462	2.506079e-02
1.743590	1.789790e-02
1.948718	1.225563e-02
2.153846	8.046278e-03
2.358974	5.065011e-03
2.564103	3.056973e-03
2.769231	1.769004e-03
2.974359	9.815038e-04
3.179487	5.221329e-04
3.384615	2.663153e-04
3.589744	1.302378e-04
3.794872	6.106663e-05
4.000000	2.745344e-05

Moments of Latent Variable Distributions (group 1, 2, etc)
Mean:	0.000000
s.d.:	0.999646

