IRT Command Language (ICL)
Version 0.020301

Dec 22, 2017 01:13

Number of items: 45
Number of latent variable points: 40
Number of examinee groups: 1

Default prior for a-parameters:
 beta  a: 1.750   b: 3.000   lower limit: 0.000    upper limit: 3.000  
Default prior for b-parameters:
 beta  a: 1.010   b: 1.010   lower limit: -6.000   upper limit: 6.000  
Default prior for c-parameters:
 beta  a: 3.500   b: 4.000   lower limit: 0.000    upper limit: 0.500  

Item Parameter Estimates
(a, b, c for 3PL, 2PL, 1PL; a, b1, b2, ... for GPCM, PCM)
1	1.000000	0.000000	0.200000
2	1.000000	0.000000	0.200000
3	1.000000	0.000000	0.200000
4	1.000000	0.000000	0.200000
5	1.000000	0.000000	0.200000
6	1.000000	0.000000	0.200000
7	1.000000	0.000000	0.200000
8	1.000000	0.000000	0.200000
9	1.000000	0.000000	0.200000
10	1.000000	0.000000	0.200000
11	1.000000	0.000000	0.200000
12	1.000000	0.000000	0.200000
13	1.000000	0.000000	0.200000
14	1.000000	0.000000	0.200000
15	1.000000	0.000000	0.200000
16	1.000000	0.000000	0.200000
17	1.000000	0.000000	0.200000
18	1.000000	0.000000	0.200000
19	1.000000	0.000000	0.200000
20	1.000000	0.000000	0.200000
21	1.000000	0.000000	0.200000
22	1.000000	0.000000	0.200000
23	1.000000	0.000000	0.200000
24	1.000000	0.000000	0.200000
25	1.000000	0.000000	0.200000
26	1.000000	0.000000	0.200000
27	1.000000	0.000000	0.200000
28	1.000000	0.000000	0.200000
29	1.000000	0.000000	0.200000
30	1.000000	0.000000	0.200000
31	1.000000	0.000000	0.200000
32	1.000000	0.000000	0.200000
33	1.000000	0.000000	0.200000
34	1.000000	0.000000	0.200000
35	1.000000	0.000000	0.200000
36	1.000000	0.000000	0.200000
37	1.000000	0.000000	0.200000
38	1.000000	0.000000	0.200000
39	1.000000	0.000000	0.200000
40	1.000000	0.000000	0.200000
41	1.000000	0.000000	0.200000
42	1.000000	0.000000	0.200000
43	1.000000	0.000000	0.200000
44	1.000000	0.000000	0.200000
45	1.000000	0.000000	0.200000

Discrete Latent Variable Distributions
(point, probability for group 1, 2, etc)
-4.000000	2.745344e-05
-3.794872	6.106663e-05
-3.589744	1.302378e-04
-3.384615	2.663153e-04
-3.179487	5.221329e-04
-2.974359	9.815038e-04
-2.769231	1.769004e-03
-2.564103	3.056973e-03
-2.358974	5.065011e-03
-2.153846	8.046278e-03
-1.948718	1.225563e-02
-1.743590	1.789790e-02
-1.538462	2.506079e-02
-1.333333	3.364442e-02
-1.128205	4.330694e-02
-0.923077	5.344755e-02
-0.717949	6.324468e-02
-0.512821	7.175402e-02
-0.307692	7.805385e-02
-0.102564	8.140824e-02
0.102564	8.140824e-02
0.307692	7.805385e-02
0.512821	7.175402e-02
0.717949	6.324468e-02
0.923077	5.344755e-02
1.128205	4.330694e-02
1.333333	3.364442e-02
1.538462	2.506079e-02
1.743590	1.789790e-02
1.948718	1.225563e-02
2.153846	8.046278e-03
2.358974	5.065011e-03
2.564103	3.056973e-03
2.769231	1.769004e-03
2.974359	9.815038e-04
3.179487	5.221329e-04
3.384615	2.663153e-04
3.589744	1.302378e-04
3.794872	6.106663e-05
4.000000	2.745344e-05

