IRT Command Language (ICL)
Version 0.020301

Jul 25, 2017 09:25

Number of items: 36
Number of latent variable points: 40
Number of examinee groups: 1

Default prior for a-parameters:
 beta  a: 1.750   b: 3.000   lower limit: 0.000    upper limit: 3.000  
Default prior for b-parameters:
 beta  a: 1.010   b: 1.010   lower limit: -6.000   upper limit: 6.000  
Default prior for c-parameters:
 beta  a: 3.500   b: 4.000   lower limit: 0.000    upper limit: 0.500  

Read 1655 examinee records from file mondatx.dat

EM iterations
(iteration: parameter criterion, marginal posterior mode)
    1: 0.282629  -33994.4297
    2: 0.112539  -33983.4516
    3: 0.055892  -33980.4358
    4: 0.032240  -33979.2330
    5: 0.024098  -33978.6006
    6: 0.018141  -33978.2132
    7: 0.013783  -33977.9556
    8: 0.010579  -33977.7754
    9: 0.008202  -33977.6444
   10: 0.006426  -33977.5465
   11: 0.005111  -33977.4716
   12: 0.004078  -33977.4134
   13: 0.003293  -33977.3676
   14: 0.002690  -33977.3313
   15: 0.002220  -33977.3022
   16: 0.001851  -33977.2789
   17: 0.001557  -33977.2601
   18: 0.001322  -33977.2450
   19: 0.001159  -33977.2327
   20: 0.001042  -33977.2228
   21: 0.000937  -33977.2148

Item Parameter Estimates
(a, b, c for 3PL, 2PL, 1PL; a, b1, b2, ... for GPCM, PCM)
1	0.543191	-1.770417	0.213441
2	0.822909	-0.484070	0.124804
3	0.476114	-0.594910	0.250724
4	1.549672	0.443444	0.286713
5	1.045566	-0.124098	0.294116
6	0.611900	-0.764241	0.246716
7	0.963693	0.460544	0.342244
8	1.237210	-0.096715	0.251145
9	0.776066	0.000990	0.166585
10	0.967677	0.947783	0.366349
11	1.032630	0.678535	0.247254
12	0.699040	0.038778	0.133952
13	1.322793	0.393573	0.263333
14	1.139916	0.748153	0.166712
15	1.179503	0.910486	0.307150
16	0.981582	0.579248	0.261415
17	0.951724	0.492025	0.238848
18	0.988645	0.144656	0.046707
19	0.679874	0.356417	0.126259
20	1.182790	0.902765	0.215753
21	0.312060	2.234711	0.126791
22	0.940333	1.012205	0.246314
23	1.181504	0.531361	0.065263
24	1.647309	0.958926	0.251198
25	0.519852	1.313832	0.141708
26	0.961060	1.014470	0.089942
27	2.025726	1.308461	0.199452
28	1.514007	1.412969	0.160870
29	1.032944	1.444185	0.144414
30	0.721347	2.132698	0.084206
31	1.299402	1.785915	0.245112
32	0.955808	1.591456	0.091220
33	1.453162	1.457391	0.076469
34	0.458381	3.710715	0.124539
35	0.962301	2.970192	0.108858
36	1.415425	2.010438	0.107390

Discrete Latent Variable Distributions
(point, probability for group 1, 2, etc)
-4.000000	2.745344e-05
-3.794872	6.106663e-05
-3.589744	1.302378e-04
-3.384615	2.663153e-04
-3.179487	5.221329e-04
-2.974359	9.815038e-04
-2.769231	1.769004e-03
-2.564103	3.056973e-03
-2.358974	5.065011e-03
-2.153846	8.046278e-03
-1.948718	1.225563e-02
-1.743590	1.789790e-02
-1.538462	2.506079e-02
-1.333333	3.364442e-02
-1.128205	4.330694e-02
-0.923077	5.344755e-02
-0.717949	6.324468e-02
-0.512821	7.175402e-02
-0.307692	7.805385e-02
-0.102564	8.140824e-02
0.102564	8.140824e-02
0.307692	7.805385e-02
0.512821	7.175402e-02
0.717949	6.324468e-02
0.923077	5.344755e-02
1.128205	4.330694e-02
1.333333	3.364442e-02
1.538462	2.506079e-02
1.743590	1.789790e-02
1.948718	1.225563e-02
2.153846	8.046278e-03
2.358974	5.065011e-03
2.564103	3.056973e-03
2.769231	1.769004e-03
2.974359	9.815038e-04
3.179487	5.221329e-04
3.384615	2.663153e-04
3.589744	1.302378e-04
3.794872	6.106663e-05
4.000000	2.745344e-05

