IRT Command Language (ICL)
Version 0.020301

Feb 28, 2002 23:36

Command file mondat2.tcl
----------------------------------------------------------------------
#
# mondat2.tcl
#
# Estimate item parameters for Form Y and Form X
# items fixing the latent variable distribution of
# the group that took Form X at a discrete approximation
# to a standard normal distribution and estimating
# the latent variable distribution of the group
# that took Form Y.
# Example data from Chapters 4 and 6 Kolen and 
# Brennan (1995)

# Write output to log file mondat2.log
output -log_file mondat2.log

# 24 unique items on each of two forms and
# 12 common items for a total of 60
# items. Two groups specified
# for multiple group estimation
allocate_items_dist 60 -num_groups 2

# Read examinee item responses from file mondat.dat.
# Each record contains the responses to 
# 60 items for an examinee in columns 2-61.
# The first 24 items are the unique items on
# Form Y, the second 12 items are common items,
# and the last 24 items are unique items on
# Form X. An integer in column 1 gives
# the examinee group: 1 for examinees
# who took Form Y, and 2 for examinees
# who took Form X
read_examinees mondat.dat {@2 60i1} {i1}

# Compute starting values for item parameter estimates
starting_values_dichotomous

# Perform EM iterations for computing item parameter estimates
# and probabilities of latent variable distribution for
# group 2.
EM_steps

# Print item parameter estimates, discrete latent
# variable distributions, and mean and s.d. of
# latent variable distributions.
print -item_param -latent_dist -latent_dist_moments

# end of run
release_items_dist
----------------------------------------------------------------------

Number of items: 60
Number of latent variable points: 40
Number of examinee groups: 2

Default prior for a-parameters:
 beta  a: 1.750   b: 3.000   lower limit: 0.000    upper limit: 3.000  
Default prior for b-parameters:
 beta  a: 1.010   b: 1.010   lower limit: -6.000   upper limit: 6.000  
Default prior for c-parameters:
 beta  a: 3.500   b: 4.000   lower limit: 0.000    upper limit: 0.500  

Read 3293 examinee records from file mondat.dat

EM iterations
(iteration: parameter criterion, dist criterion, marginal posterior mode)
    1: 0.325684  0.792375  -67324.1530
    2: 0.118463  0.032091  -67309.4932
    3: 0.067596  0.043489  -67304.2629
    4: 0.038600  0.040133  -67301.4630
    5: 0.022204  0.036295  -67299.6131
    6: 0.012954  0.032220  -67298.2389
    7: 0.011947  0.029366  -67297.1461
    8: 0.011053  0.026885  -67296.2414
    9: 0.010256  0.024524  -67295.4742
   10: 0.009541  0.022372  -67294.8139
   11: 0.008895  0.020963  -67294.2404
   12: 0.008308  0.019588  -67293.7394
   13: 0.007771  0.018254  -67293.2997
   14: 0.007277  0.016967  -67292.9127
   15: 0.006820  0.015731  -67292.5712
   16: 0.006398  0.014830  -67292.2691
   17: 0.006004  0.014038  -67292.0013
   18: 0.005638  0.013264  -67291.7635
   19: 0.005297  0.012509  -67291.5519
   20: 0.004978  0.011778  -67291.3631
   21: 0.004680  0.011072  -67291.1944
   22: 0.004402  0.010392  -67291.0433
   23: 0.004141  0.009774  -67290.9076
   24: 0.003897  0.009336  -67290.7855
   25: 0.003668  0.008910  -67290.6752
   26: 0.003453  0.008496  -67290.5754
   27: 0.003252  0.008096  -67290.4849
   28: 0.003064  0.007708  -67290.4025
   29: 0.002887  0.007335  -67290.3272
   30: 0.002721  0.006975  -67290.2583
   31: 0.002566  0.006630  -67290.1949
   32: 0.002419  0.006299  -67290.1365
   33: 0.002282  0.006081  -67290.0825
   34: 0.002153  0.005895  -67290.0324
   35: 0.002032  0.005723  -67289.9857
   36: 0.001892  0.005562  -67289.9421
   37: 0.001812  0.005413  -67289.9013
   38: 0.001713  0.005275  -67289.8628
   39: 0.001619  0.005147  -67289.8266
   40: 0.001529  0.005028  -67289.7923
   41: 0.001446  0.004918  -67289.7598
   42: 0.001367  0.004816  -67289.7288
   43: 0.001292  0.004722  -67289.6992
   44: 0.001222  0.004634  -67289.6708
   45: 0.001157  0.004554  -67289.6436
   46: 0.001095  0.004559  -67289.6175
   47: 0.001052  0.004588  -67289.5922
   48: 0.001029  0.004610  -67289.5678
   49: 0.001006  0.004627  -67289.5441
   50: 0.000983  0.004640  -67289.5211

Item Parameter Estimates
(a, b, c for 3PL, 2PL, 1PL; a, b1, b2, ... for GPCM, PCM)
1	0.902049	-1.346818	0.208466
2	0.471417	-0.366077	0.121348
3	0.572317	-0.777315	0.177926
4	0.673001	-1.209600	0.309646
5	1.338834	0.128340	0.317040
6	0.500505	0.456035	0.327627
7	0.907474	-0.344096	0.175273
8	1.069827	-0.778211	0.104336
9	0.897436	0.050535	0.156708
10	0.761472	-0.270436	0.099868
11	0.883390	0.581825	0.242873
12	0.654371	0.943493	0.253757
13	1.063666	-0.113581	0.195530
14	0.879993	0.408817	0.158874
15	0.823225	-0.077643	0.144995
16	1.394771	0.533100	0.258673
17	1.317835	0.633579	0.269809
18	1.093679	0.405745	0.195304
19	1.350875	1.093911	0.238635
20	1.084287	0.693878	0.118892
21	1.206940	1.330781	0.192186
22	1.110434	0.898678	0.109714
23	1.379741	1.718422	0.103069
24	1.295562	1.906052	0.082852
25	0.451529	-1.017349	0.264057
26	0.607908	-1.009752	0.316995
27	0.651341	-0.581375	0.128070
28	0.611004	-0.380763	0.102269
29	1.158889	0.568537	0.318312
30	0.848076	-0.205679	0.040316
31	0.271444	2.201852	0.130057
32	1.587493	0.606562	0.247714
33	1.568531	0.962962	0.197606
34	0.635111	1.844574	0.073585
35	1.279586	1.072499	0.068289
36	1.106592	1.882636	0.114267
37	0.471825	-2.429900	0.228530
38	0.750045	-0.934507	0.133897
39	1.491997	0.073402	0.288756
40	1.046136	-0.458091	0.324941
41	0.946046	0.117222	0.353344
42	1.244699	-0.439677	0.279729
43	0.962483	0.618718	0.374043
44	0.995185	0.325047	0.251834
45	1.294408	0.026028	0.268403
46	1.091252	0.393986	0.169489
47	0.976533	0.239023	0.273558
48	0.933876	0.146591	0.250714
49	0.637557	-0.012976	0.133525
50	1.138165	0.551257	0.217272
51	0.909770	0.668293	0.249267
52	1.122261	0.165681	0.068003
53	0.486087	1.018214	0.146719
54	0.917912	0.672956	0.092374
55	1.460418	1.080933	0.161300
56	0.988716	1.121005	0.145468
57	1.215465	1.488096	0.244659
58	0.867742	1.291361	0.087738
59	0.391847	3.706447	0.118318
60	0.828203	2.887799	0.107679

Discrete Latent Variable Distributions
(point, probability for group 1, 2, etc)
-4.000000	2.745344e-05	7.530285e-04
-3.794872	6.106663e-05	1.486021e-03
-3.589744	1.302378e-04	2.716769e-03
-3.384615	2.663153e-04	4.572037e-03
-3.179487	5.221329e-04	7.043583e-03
-2.974359	9.815038e-04	9.904101e-03
-2.769231	1.769004e-03	1.273877e-02
-2.564103	3.056973e-03	1.515239e-02
-2.358974	5.065011e-03	1.706718e-02
-2.153846	8.046278e-03	1.892539e-02
-1.948718	1.225563e-02	2.172727e-02
-1.743590	1.789790e-02	2.702136e-02
-1.538462	2.506079e-02	3.665557e-02
-1.333333	3.364442e-02	5.068457e-02
-1.128205	4.330694e-02	6.235741e-02
-0.923077	5.344755e-02	6.191401e-02
-0.717949	6.324468e-02	5.583147e-02
-0.512821	7.175402e-02	6.326347e-02
-0.307692	7.805385e-02	9.362840e-02
-0.102564	8.140824e-02	1.008225e-01
0.102564	8.140824e-02	6.235792e-02
0.307692	7.805385e-02	4.776633e-02
0.512821	7.175402e-02	5.470069e-02
0.717949	6.324468e-02	4.940951e-02
0.923077	5.344755e-02	3.896836e-02
1.128205	4.330694e-02	3.162236e-02
1.333333	3.364442e-02	1.748825e-02
1.538462	2.506079e-02	7.328682e-03
1.743590	1.789790e-02	4.497094e-03
1.948718	1.225563e-02	5.394483e-03
2.153846	8.046278e-03	7.521996e-03
2.358974	5.065011e-03	5.789346e-03
2.564103	3.056973e-03	1.955403e-03
2.769231	1.769004e-03	4.090775e-04
2.974359	9.815038e-04	9.151466e-05
3.179487	5.221329e-04	3.335142e-05
3.384615	2.663153e-04	2.377408e-05
3.589744	1.302378e-04	3.272659e-05
3.794872	6.106663e-05	7.717242e-05
4.000000	2.745344e-05	2.666780e-04

Moments of Latent Variable Distributions (group 1, 2, etc)
Mean:	0.000000	-0.446339
s.d.:	0.999646	1.131774

