IRT Command Language (ICL)
Version 0.020301

Feb 28, 2002 23:38

Command file mondat4.tcl
----------------------------------------------------------------------
#
# mondat4.tcl
#
# Example data from Chapters 4 and 6 Kolen and 
# Brennan (1995)
# Estimate item parameters for Form Y and Form X
# items while at the same time estimating
# the latent variable distribution of the groups
# that took Form X and Form Y.

# Write output to log file mondat4.log
output -log_file mondat4.log

# 24 unique items on each of two forms and
# 12 common items for a total of 60
# items. Two groups specified
# for multiple group estimation
allocate_items_dist 60 -num_groups 2

# Read examinee item responses from file mondat.dat.
# Each record contains the responses to 
# 60 items for an examinee in columns 2-61.
# The first 24 items are the unique items on
# Form Y, the second 12 items are common items,
# and the last 24 items are unique items on
# Form X. An integer in column 1 gives
# the examinee group: 1 for examinees
# who took Form Y, and 2 for examinees
# who took Form X
read_examinees mondat.dat {@2 60i1} {i1}

# Compute starting values for item parameter estimates
starting_values_dichotomous

# Perform EM iterations for computing item parameter estimates
# and probabilities of latent variable distributions for
# groups 1 and 2. Points of the latent variable distribution
# will not be adjusted after each M-step so the mean and
# standard deviation of the distribution in Group 1 are
# zero and one. Allow a maximum of 200 EM iterations.
EM_steps -estim_dist -max_iter 200

# Print item parameter estimates and discrete latent
# variable distributions.
print -item_param -latent_dist -latent_dist_moments

# end of run
release_items_dist
----------------------------------------------------------------------

Number of items: 60
Number of latent variable points: 40
Number of examinee groups: 2

Default prior for a-parameters:
 beta  a: 1.750   b: 3.000   lower limit: 0.000    upper limit: 3.000  
Default prior for b-parameters:
 beta  a: 1.010   b: 1.010   lower limit: -6.000   upper limit: 6.000  
Default prior for c-parameters:
 beta  a: 3.500   b: 4.000   lower limit: 0.000    upper limit: 0.500  

Read 3293 examinee records from file mondat.dat

EM iterations
(iteration: parameter criterion, dist criterion, marginal posterior mode)
    1: 0.325684  0.792375  -67323.1840
    2: 0.105335  0.046843  -67309.8870
    3: 0.070159  0.044621  -67302.4966
    4: 0.052663  0.040925  -67297.3592
    5: 0.041683  0.037754  -67293.5908
    6: 0.033766  0.034796  -67290.7389
    7: 0.027725  0.032099  -67288.5265
    8: 0.022968  0.029657  -67286.7730
    9: 0.019163  0.027454  -67285.3568
   10: 0.016086  0.025469  -67284.1935
   11: 0.013578  0.023680  -67283.2233
   12: 0.011516  0.022066  -67282.4026
   13: 0.009810  0.020606  -67281.6993
   14: 0.008388  0.019281  -67281.0893
   15: 0.007196  0.018079  -67280.5542
   16: 0.006192  0.017049  -67280.0801
   17: 0.005370  0.016265  -67279.6562
   18: 0.005116  0.015544  -67279.2743
   19: 0.004884  0.014878  -67278.9281
   20: 0.004673  0.014262  -67278.6126
   21: 0.004480  0.013691  -67278.3241
   22: 0.004303  0.013162  -67278.0593
   23: 0.004139  0.012670  -67277.8155
   24: 0.003988  0.012213  -67277.5905
   25: 0.003847  0.011787  -67277.3822
   26: 0.003716  0.011391  -67277.1889
   27: 0.003593  0.011021  -67277.0089
   28: 0.003478  0.010675  -67276.8408
   29: 0.003370  0.010351  -67276.6835
   30: 0.003267  0.010020  -67276.5358
   31: 0.003170  0.009642  -67276.3968
   32: 0.003079  0.009289  -67276.2656
   33: 0.002992  0.008959  -67276.1416
   34: 0.002909  0.008650  -67276.0240
   35: 0.002831  0.008360  -67275.9123
   36: 0.002756  0.008087  -67275.8060
   37: 0.002685  0.007830  -67275.7047
   38: 0.002616  0.007588  -67275.6080
   39: 0.002551  0.007374  -67275.5155
   40: 0.002489  0.007375  -67275.4268
   41: 0.002429  0.007373  -67275.3418
   42: 0.002372  0.007368  -67275.2601
   43: 0.002317  0.007361  -67275.1816
   44: 0.002264  0.007351  -67275.1059
   45: 0.002213  0.007339  -67275.0329
   46: 0.002164  0.007325  -67274.9624
   47: 0.002118  0.007309  -67274.8943
   48: 0.002041  0.007290  -67274.8283
   49: 0.002027  0.007269  -67274.7644
   50: 0.001988  0.007247  -67274.7024
   51: 0.001948  0.007222  -67274.6422
   52: 0.001909  0.007196  -67274.5836
   53: 0.001872  0.007168  -67274.5267
   54: 0.001836  0.007138  -67274.4712
   55: 0.001801  0.007107  -67274.4172
   56: 0.001768  0.007074  -67274.3645
   57: 0.001735  0.007040  -67274.3130
   58: 0.001704  0.007004  -67274.2627
   59: 0.001673  0.006967  -67274.2136
   60: 0.001644  0.006928  -67274.1655
   61: 0.001616  0.006882  -67274.1185
   62: 0.001590  0.006795  -67274.0724
   63: 0.001575  0.006707  -67274.0273
   64: 0.001560  0.006620  -67273.9830
   65: 0.001545  0.006533  -67273.9396
   66: 0.001530  0.006446  -67273.8969
   67: 0.001515  0.006360  -67273.8551
   68: 0.001500  0.006274  -67273.8140
   69: 0.001485  0.006189  -67273.7736
   70: 0.001469  0.006104  -67273.7338
   71: 0.001454  0.006019  -67273.6948
   72: 0.001440  0.005935  -67273.6563
   73: 0.001425  0.005851  -67273.6185
   74: 0.001410  0.005768  -67273.5812
   75: 0.001395  0.005685  -67273.5445
   76: 0.001380  0.005603  -67273.5084
   77: 0.001366  0.005521  -67273.4727
   78: 0.001351  0.005440  -67273.4376
   79: 0.001337  0.005359  -67273.4030
   80: 0.001323  0.005279  -67273.3688
   81: 0.001309  0.005199  -67273.3351
   82: 0.001295  0.005120  -67273.3018
   83: 0.001281  0.005042  -67273.2690
   84: 0.001267  0.004964  -67273.2366
   85: 0.001253  0.004887  -67273.2046
   86: 0.001240  0.004810  -67273.1730
   87: 0.001227  0.004735  -67273.1417
   88: 0.001213  0.004659  -67273.1109
   89: 0.001200  0.004585  -67273.0804
   90: 0.001187  0.004511  -67273.0503
   91: 0.001174  0.004438  -67273.0205
   92: 0.001162  0.004365  -67272.9910
   93: 0.001149  0.004293  -67272.9619
   94: 0.001137  0.004245  -67272.9330
   95: 0.001125  0.004248  -67272.9045
   96: 0.001113  0.004251  -67272.8763
   97: 0.001101  0.004254  -67272.8484
   98: 0.001089  0.004257  -67272.8208
   99: 0.001077  0.004260  -67272.7935
  100: 0.001066  0.004264  -67272.7664
  101: 0.001054  0.004267  -67272.7396
  102: 0.001043  0.004270  -67272.7131
  103: 0.001032  0.004273  -67272.6868
  104: 0.001021  0.004276  -67272.6608
  105: 0.001010  0.004279  -67272.6351
  106: 0.001000  0.004282  -67272.6095

Item Parameter Estimates
(a, b, c for 3PL, 2PL, 1PL; a, b1, b2, ... for GPCM, PCM)
1	0.792187	-1.488947	0.250090
2	0.449416	-0.396068	0.131935
3	0.560405	-0.695451	0.235830
4	0.611584	-1.259582	0.352839
5	1.413598	0.172905	0.331471
6	0.570020	0.631022	0.375348
7	0.906584	-0.292693	0.211084
8	1.005828	-0.787173	0.147190
9	0.927100	0.104662	0.183414
10	0.754307	-0.226343	0.133831
11	0.973068	0.622823	0.263161
12	0.742809	0.976510	0.278349
13	1.115883	-0.042044	0.229698
14	0.941303	0.457787	0.182049
15	0.873259	0.024504	0.193532
16	1.524570	0.559444	0.268728
17	1.426198	0.651852	0.278065
18	1.153788	0.438952	0.209293
19	1.505390	1.066314	0.242397
20	1.200714	0.711681	0.133490
21	1.421214	1.270939	0.198612
22	1.220486	0.893008	0.118370
23	1.718087	1.587893	0.107191
24	1.604955	1.734869	0.085500
25	0.437941	-1.000497	0.292070
26	0.587873	-0.982818	0.352770
27	0.641365	-0.547027	0.162099
28	0.596239	-0.371596	0.122613
29	1.227959	0.582892	0.326236
30	0.826785	-0.208243	0.051555
31	0.269964	2.259852	0.138474
32	1.665245	0.613380	0.251479
33	1.690027	0.945642	0.199753
34	0.696628	1.771485	0.082339
35	1.393049	1.048473	0.072851
36	1.277264	1.759533	0.117280
37	0.437292	-2.617455	0.238206
38	0.718595	-0.974767	0.147245
39	1.491584	0.070535	0.291452
40	1.054100	-0.440028	0.342014
41	0.974644	0.138248	0.364723
42	1.257864	-0.424564	0.296475
43	0.989702	0.620969	0.379072
44	1.005329	0.326430	0.257210
45	1.310624	0.030317	0.275020
46	1.109688	0.395445	0.175172
47	0.996796	0.246629	0.281574
48	0.956088	0.158842	0.261263
49	0.627481	-0.006744	0.144300
50	1.171036	0.550009	0.222195
51	0.930581	0.665177	0.254119
52	1.116668	0.162424	0.072275
53	0.493380	1.032689	0.156504
54	0.939198	0.671059	0.098524
55	1.500060	1.063250	0.162197
56	1.008182	1.104636	0.147332
57	1.266904	1.451279	0.245540
58	0.899117	1.268914	0.091459
59	0.396571	3.664500	0.119563
60	0.879832	2.765618	0.108336

Discrete Latent Variable Distributions
(point, probability for group 1, 2, etc)
-4.000000	8.573090e-05	1.759295e-03
-3.794872	1.769717e-04	3.341082e-03
-3.589744	3.567996e-04	5.769281e-03
-3.384615	7.091941e-04	8.972447e-03
-3.179487	1.400644e-03	1.247364e-02
-2.974359	2.754413e-03	1.545960e-02
-2.769231	5.341754e-03	1.718867e-02
-2.564103	9.935387e-03	1.750107e-02
-2.358974	1.686753e-02	1.699215e-02
-2.153846	2.448576e-02	1.675436e-02
-1.948718	2.861434e-02	1.813852e-02
-1.743590	2.644297e-02	2.302729e-02
-1.538462	2.069402e-02	3.429648e-02
-1.333333	1.637503e-02	5.299516e-02
-1.128205	1.663285e-02	6.704495e-02
-0.923077	2.499488e-02	5.840790e-02
-0.717949	4.788184e-02	4.305661e-02
-0.512821	7.852908e-02	4.909310e-02
-0.307692	8.836300e-02	9.805626e-02
-0.102564	8.353821e-02	1.161418e-01
0.102564	7.381653e-02	5.094832e-02
0.307692	5.958968e-02	3.972880e-02
0.512821	7.315067e-02	6.565200e-02
0.717949	9.569996e-02	5.007554e-02
0.923077	6.267682e-02	3.443563e-02
1.128205	4.251842e-02	3.500934e-02
1.333333	3.074335e-02	1.713434e-02
1.538462	2.680885e-02	5.252996e-03
1.743590	3.137364e-02	3.602199e-03
1.948718	7.387146e-03	7.021542e-03
2.153846	1.680712e-04	1.042986e-02
2.358974	3.080710e-06	3.425411e-03
2.564103	3.670952e-07	2.742574e-04
2.769231	3.729715e-07	1.455538e-05
2.974359	1.430882e-06	1.393448e-06
3.179487	8.794689e-06	4.257355e-07
3.384615	5.057309e-05	4.874361e-07
3.589744	2.102855e-04	1.916602e-06
3.794872	5.768263e-04	2.104291e-05
4.000000	1.034723e-03	5.002338e-04

Moments of Latent Variable Distributions (group 1, 2, etc)
Mean:	-0.060974	-0.509101
s.d.:	1.087421	1.204460

