IRT Command Language (ICL)
Version 0.020301

Feb 28, 2002 23:37

Command file mondat3.tcl
----------------------------------------------------------------------
#
# mondat3.tcl
#
# Example data from Chapters 4 and 6 Kolen and 
# Brennan (1995)
# Estimate item parameters for Form Y and Form X
# items while at the same time estimating
# the latent variable distribution of the groups
# that took Form X and Form Y. After each M-step
# the points of the discrete latent variable distribution
# are linearly transformed so the mean and standard
# deviation of the Form X distribution are 0 and 1.
# The item parameters are also tranformed using
# the same scale transformation.

# Write output to log file mondat3.log
output -log_file mondat3.log

# 24 unique items on each of two forms and
# 12 common items for a total of 60
# items. Two groups specified
# for multiple group estimation
allocate_items_dist 60 -num_groups 2

# Read examinee item responses from file mondat.dat.
# Each record contains the responses to 
# 60 items for an examinee in columns 2-61.
# The first 24 items are the unique items on
# Form Y, the second 12 items are common items,
# and the last 24 items are unique items on
# Form X. An integer in column 1 gives
# the examinee group: 1 for examinees
# who took Form Y, and 2 for examinees
# who took Form X
read_examinees mondat.dat {@2 60i1} {i1}

# Compute starting values for item parameter estimates
starting_values_dichotomous

# Perform EM iterations for computing item parameter estimates
# and probabilities of latent variable distributions for
# groups 1 and 2. Scale points of latent variable distribution
# after each M-step so the mean and s.d. in group 1 are
# 0 and 1. Allow a maximum of 200 EM iterations.
EM_steps -estim_dist -scale_points -max_iter 200

# Print item parameter estimates, discrete latent
# variable distributions, and mean and s.d. of
# latent variable distributions.
print -item_param -latent_dist -latent_dist_moments

# end of run
release_items_dist
----------------------------------------------------------------------

Number of items: 60
Number of latent variable points: 40
Number of examinee groups: 2

Default prior for a-parameters:
 beta  a: 1.750   b: 3.000   lower limit: 0.000    upper limit: 3.000  
Default prior for b-parameters:
 beta  a: 1.010   b: 1.010   lower limit: -6.000   upper limit: 6.000  
Default prior for c-parameters:
 beta  a: 3.500   b: 4.000   lower limit: 0.000    upper limit: 0.500  

Read 3293 examinee records from file mondat.dat

EM iterations
(iteration: parameter criterion, dist criterion, marginal posterior mode)
    1: 0.325684  0.792375  -67322.8364
    2: 0.106845  0.046843  -67309.3143
    3: 0.071285  0.044809  -67301.8025
    4: 0.053653  0.041071  -67296.5794
    5: 0.042593  0.037904  -67292.7518
    6: 0.034591  0.034947  -67289.8627
    7: 0.028457  0.032247  -67287.6313
    8: 0.023600  0.029801  -67285.8741
    9: 0.019691  0.027593  -67284.4666
   10: 0.016512  0.025603  -67283.3223
   11: 0.013905  0.023808  -67282.3794
   12: 0.011749  0.022186  -67281.5929
   13: 0.009955  0.020718  -67280.9293
   14: 0.008451  0.019385  -67280.3634
   15: 0.007184  0.018174  -67279.8761
   16: 0.006112  0.017069  -67279.4526
   17: 0.005337  0.016270  -67279.0816
   18: 0.005084  0.015536  -67278.7543
   19: 0.004856  0.014858  -67278.4639
   20: 0.004649  0.014230  -67278.2052
   21: 0.004460  0.013648  -67277.9737
   22: 0.004287  0.013107  -67277.7660
   23: 0.004128  0.012605  -67277.5791
   24: 0.003982  0.012138  -67277.4104
   25: 0.003846  0.011703  -67277.2576
   26: 0.003720  0.011297  -67277.1189
   27: 0.003603  0.010919  -67276.9925
   28: 0.003493  0.010565  -67276.8770
   29: 0.003390  0.010234  -67276.7711
   30: 0.003293  0.009895  -67276.6738
   31: 0.003202  0.009514  -67276.5840
   32: 0.003117  0.009158  -67276.5010
   33: 0.003035  0.008826  -67276.4241
   34: 0.002958  0.008516  -67276.3526
   35: 0.002886  0.008225  -67276.2860
   36: 0.002817  0.007952  -67276.2239
   37: 0.002751  0.007775  -67276.1658
   38: 0.002688  0.007831  -67276.1114
   39: 0.002629  0.007882  -67276.0603
   40: 0.002572  0.007929  -67276.0123
   41: 0.002517  0.007971  -67275.9671
   42: 0.002466  0.008010  -67275.9244
   43: 0.002416  0.008044  -67275.8840
   44: 0.002369  0.008075  -67275.8458
   45: 0.002323  0.008102  -67275.8096
   46: 0.002280  0.008125  -67275.7751
   47: 0.002238  0.008144  -67275.7423
   48: 0.002198  0.008160  -67275.7110
   49: 0.002128  0.008172  -67275.6811
   50: 0.002126  0.008181  -67275.6525
   51: 0.002123  0.008186  -67275.6250
   52: 0.002119  0.008188  -67275.5987
   53: 0.002115  0.008186  -67275.5733
   54: 0.002109  0.008181  -67275.5489
   55: 0.002103  0.008173  -67275.5253
   56: 0.002096  0.008161  -67275.5026
   57: 0.002089  0.008146  -67275.4805
   58: 0.002081  0.008128  -67275.4592
   59: 0.002073  0.008107  -67275.4385
   60: 0.002064  0.008038  -67275.4185
   61: 0.002054  0.007947  -67275.3989
   62: 0.002045  0.007855  -67275.3799
   63: 0.002035  0.007762  -67275.3614
   64: 0.002024  0.007668  -67275.3434
   65: 0.002014  0.007572  -67275.3258
   66: 0.002003  0.007476  -67275.3086
   67: 0.001992  0.007379  -67275.2918
   68: 0.001980  0.007281  -67275.2753
   69: 0.001969  0.007182  -67275.2592
   70: 0.001957  0.007082  -67275.2434
   71: 0.001945  0.006982  -67275.2280
   72: 0.001933  0.006882  -67275.2128
   73: 0.001921  0.006781  -67275.1979
   74: 0.001909  0.006679  -67275.1833
   75: 0.001897  0.006577  -67275.1689
   76: 0.001885  0.006475  -67275.1547
   77: 0.001873  0.006372  -67275.1408
   78: 0.001860  0.006270  -67275.1271
   79: 0.001848  0.006167  -67275.1136
   80: 0.001836  0.006064  -67275.1004
   81: 0.001823  0.005961  -67275.0873
   82: 0.001811  0.005858  -67275.0744
   83: 0.001799  0.005755  -67275.0617
   84: 0.001787  0.005652  -67275.0491
   85: 0.001774  0.005549  -67275.0367
   86: 0.001762  0.005446  -67275.0245
   87: 0.001750  0.005343  -67275.0125
   88: 0.001738  0.005241  -67275.0005
   89: 0.001726  0.005139  -67274.9888
   90: 0.001714  0.005037  -67274.9771
   91: 0.001702  0.004935  -67274.9656
   92: 0.001690  0.004834  -67274.9543
   93: 0.001678  0.004818  -67274.9430
   94: 0.001666  0.004826  -67274.9319
   95: 0.001655  0.004833  -67274.9209
   96: 0.001643  0.004841  -67274.9100
   97: 0.001632  0.004848  -67274.8992
   98: 0.001620  0.004856  -67274.8885
   99: 0.001609  0.004863  -67274.8780
  100: 0.001598  0.004871  -67274.8675
  101: 0.001587  0.004878  -67274.8572
  102: 0.001576  0.004885  -67274.8469
  103: 0.001565  0.004892  -67274.8367
  104: 0.001554  0.004900  -67274.8267
  105: 0.001544  0.004907  -67274.8167
  106: 0.001533  0.004914  -67274.8068
  107: 0.001522  0.004921  -67274.7970
  108: 0.001512  0.004928  -67274.7872
  109: 0.001502  0.004935  -67274.7776
  110: 0.001492  0.004942  -67274.7680
  111: 0.001482  0.004949  -67274.7585
  112: 0.001472  0.004956  -67274.7491
  113: 0.001462  0.004963  -67274.7398
  114: 0.001452  0.004970  -67274.7305
  115: 0.001442  0.004977  -67274.7213
  116: 0.001433  0.004984  -67274.7122
  117: 0.001423  0.005009  -67274.7031
  118: 0.001414  0.005067  -67274.6941
  119: 0.001405  0.005124  -67274.6852
  120: 0.001396  0.005180  -67274.6763
  121: 0.001386  0.005236  -67274.6675
  122: 0.001378  0.005292  -67274.6588
  123: 0.001369  0.005347  -67274.6501
  124: 0.001360  0.005402  -67274.6415
  125: 0.001351  0.005456  -67274.6330
  126: 0.001343  0.005509  -67274.6245
  127: 0.001334  0.005562  -67274.6160
  128: 0.001326  0.005615  -67274.6076
  129: 0.001318  0.005667  -67274.5993
  130: 0.001309  0.005718  -67274.5910
  131: 0.001301  0.005769  -67274.5828
  132: 0.001293  0.005819  -67274.5747
  133: 0.001285  0.005868  -67274.5665
  134: 0.001278  0.005917  -67274.5585
  135: 0.001270  0.005965  -67274.5505
  136: 0.001262  0.006013  -67274.5425
  137: 0.001255  0.006060  -67274.5346
  138: 0.001247  0.006106  -67274.5267
  139: 0.001240  0.006151  -67274.5189
  140: 0.001232  0.006196  -67274.5111
  141: 0.001225  0.006240  -67274.5034
  142: 0.001218  0.006284  -67274.4957
  143: 0.001211  0.006327  -67274.4881
  144: 0.001204  0.006369  -67274.4805
  145: 0.001197  0.006410  -67274.4730
  146: 0.001190  0.006450  -67274.4655
  147: 0.001183  0.006490  -67274.4580
  148: 0.001177  0.006529  -67274.4506
  149: 0.001170  0.006567  -67274.4433
  150: 0.001163  0.006605  -67274.4360
  151: 0.001157  0.006641  -67274.4287
  152: 0.001150  0.006677  -67274.4215
  153: 0.001144  0.006712  -67274.4143
  154: 0.001138  0.006747  -67274.4071
  155: 0.001131  0.006780  -67274.4000
  156: 0.001125  0.006813  -67274.3930
  157: 0.001119  0.006845  -67274.3859
  158: 0.001113  0.006876  -67274.3790
  159: 0.001107  0.006906  -67274.3720
  160: 0.001101  0.006936  -67274.3651
  161: 0.001095  0.006965  -67274.3583
  162: 0.001089  0.006992  -67274.3515
  163: 0.001083  0.007019  -67274.3447
  164: 0.001078  0.007046  -67274.3379
  165: 0.001072  0.007071  -67274.3312
  166: 0.001066  0.007096  -67274.3246
  167: 0.001061  0.007120  -67274.3180
  168: 0.001055  0.007143  -67274.3114
  169: 0.001050  0.007165  -67274.3049
  170: 0.001044  0.007186  -67274.2984
  171: 0.001039  0.007207  -67274.2919
  172: 0.001033  0.007226  -67274.2855
  173: 0.001028  0.007245  -67274.2791
  174: 0.001023  0.007263  -67274.2727
  175: 0.001018  0.007281  -67274.2664
  176: 0.001012  0.007297  -67274.2602
  177: 0.001007  0.007313  -67274.2539
  178: 0.001002  0.007328  -67274.2477
  179: 0.000997  0.007342  -67274.2416

Item Parameter Estimates
(a, b, c for 3PL, 2PL, 1PL; a, b1, b2, ... for GPCM, PCM)
1	0.856376	-1.325967	0.246916
2	0.487127	-0.308145	0.132614
3	0.606201	-0.589769	0.234970
4	0.657235	-1.129413	0.346636
5	1.521015	0.212157	0.330804
6	0.613257	0.633843	0.374111
7	0.974694	-0.222569	0.208512
8	1.089917	-0.670979	0.148203
9	0.999468	0.148514	0.182302
10	0.816117	-0.154468	0.133906
11	1.047074	0.629296	0.262510
12	0.799468	0.956607	0.277609
13	1.203771	0.013975	0.229156
14	1.013782	0.475916	0.181176
15	0.942895	0.075590	0.192940
16	1.637067	0.570556	0.268125
17	1.526627	0.655456	0.277041
18	1.240873	0.458696	0.208509
19	1.612816	1.041685	0.241950
20	1.292494	0.712256	0.133058
21	1.525688	1.231749	0.198312
22	1.310676	0.880316	0.117730
23	1.827061	1.528146	0.106721
24	1.715056	1.664267	0.085240
25	0.473728	-0.874199	0.290485
26	0.635767	-0.858958	0.350641
27	0.692582	-0.455842	0.159864
28	0.646188	-0.287047	0.122906
29	1.323328	0.593159	0.325955
30	0.893672	-0.139091	0.050774
31	0.292861	2.142789	0.138894
32	1.787622	0.620910	0.250937
33	1.816469	0.929786	0.199521
34	0.749538	1.695184	0.081839
35	1.500056	1.025111	0.072655
36	1.379407	1.683228	0.117269
37	0.473628	-2.360666	0.238489
38	0.778453	-0.846108	0.146216
39	1.611046	0.119856	0.291455
40	1.137375	-0.356627	0.340054
41	1.047684	0.180112	0.363714
42	1.349114	-0.345247	0.293295
43	1.063927	0.628013	0.378435
44	1.083287	0.355466	0.256584
45	1.409989	0.080253	0.273988
46	1.193209	0.418889	0.174239
47	1.075626	0.281456	0.280996
48	1.033795	0.200959	0.260957
49	0.676102	0.043045	0.142039
50	1.259503	0.562194	0.221469
51	1.000726	0.668022	0.253145
52	1.205289	0.203870	0.071685
53	0.531999	1.009371	0.155838
54	1.012227	0.674949	0.097987
55	1.611799	1.039383	0.161956
56	1.089525	1.076782	0.147321
57	1.364772	1.398204	0.245398
58	0.969074	1.228746	0.091101
59	0.426559	3.453718	0.119237
60	0.948066	2.613977	0.108208

Discrete Latent Variable Distributions
(point, probability for group 1, 2, etc)
-3.364293	1.803924e-04	3.836721e-03
-3.187785	3.439385e-04	6.775798e-03
-3.011276	6.478347e-04	1.061181e-02
-2.834768	1.220672e-03	1.458895e-02
-2.658260	2.319404e-03	1.751716e-02
-2.481751	4.432547e-03	1.845248e-02
-2.305243	8.344814e-03	1.739466e-02
-2.128735	1.479886e-02	1.529827e-02
-1.952227	2.310089e-02	1.343777e-02
-1.775718	2.940365e-02	1.292471e-02
-1.599210	2.894974e-02	1.499117e-02
-1.422702	2.243898e-02	2.214244e-02
-1.246193	1.559435e-02	3.923349e-02
-1.069685	1.238178e-02	6.626064e-02
-0.893177	1.455648e-02	7.615204e-02
-0.716669	2.704838e-02	5.109651e-02
-0.540160	5.800437e-02	3.077938e-02
-0.363652	8.605510e-02	3.968360e-02
-0.187144	7.997061e-02	1.073430e-01
-0.010635	7.311614e-02	1.177310e-01
0.165873	6.984679e-02	3.405008e-02
0.342381	5.393648e-02	2.858519e-02
0.518889	6.512597e-02	7.194925e-02
0.695398	9.282164e-02	4.820522e-02
0.871906	6.094744e-02	2.622353e-02
1.048414	4.582051e-02	3.776838e-02
1.224923	3.137408e-02	2.441026e-02
1.401431	2.009088e-02	5.311097e-03
1.577939	3.411260e-02	2.108668e-03
1.754447	2.047829e-02	4.140958e-03
1.930956	4.673844e-04	1.208310e-02
2.107464	2.329692e-06	7.573391e-03
2.283972	5.642149e-08	6.068035e-04
2.460481	2.188147e-08	1.684229e-05
2.636989	7.299836e-08	6.483347e-07
2.813497	6.986436e-07	9.188993e-08
2.990006	8.306627e-06	7.331026e-08
3.166514	7.679156e-05	3.431198e-07
3.343022	4.471454e-04	7.985940e-06
3.519530	1.533559e-03	7.065380e-04

Moments of Latent Variable Distributions (group 1, 2, etc)
Mean:	0.000000	-0.414384
s.d.:	1.000000	1.111024

