IRT Command Language (ICL)
Version 0.020301

Feb 28, 2002 23:36

Command file mondaty.tcl
----------------------------------------------------------------------
#
# mondaty.tcl
#
# Estimate item parameters for Form Y items
# using data for examinees who took Form Y.
# Example data from Chapters 4 and 6 Kolen and 
# Brennan (1995)

# Write output to log file mondaty.out
output -log_file mondaty.log

# 36 items to be modeled
allocate_items_dist 36

# Read examinee item responses from file mondaty.dat.
# Each record contains the responses to 
# 36 items for an examinee in columns 1-36.
read_examinees mondaty.dat 36i1

# Compute starting values for item parameter estimates
starting_values_dichotomous

# Perform EM iterations for computing item parameter estimates.
# Maximum of 50 EM iterations.
EM_steps -max_iter 50

# Print item parameter estimates and discrete latent
# variable distribution.
print -item_param -latent_dist

# end of run
release_items_dist
----------------------------------------------------------------------

Number of items: 36
Number of latent variable points: 40
Number of examinee groups: 1

Default prior for a-parameters:
 beta  a: 1.750   b: 3.000   lower limit: 0.000    upper limit: 3.000  
Default prior for b-parameters:
 beta  a: 1.010   b: 1.010   lower limit: -6.000   upper limit: 6.000  
Default prior for c-parameters:
 beta  a: 3.500   b: 4.000   lower limit: 0.000    upper limit: 0.500  

Read 1638 examinee records from file mondaty.dat

EM iterations
(iteration: parameter criterion, marginal posterior mode)
    1: 0.323389  -33397.5098
    2: 0.110038  -33389.3586
    3: 0.062705  -33387.3062
    4: 0.035834  -33386.6304
    5: 0.020535  -33386.3208
    6: 0.011804  -33386.1332
    7: 0.006828  -33386.0002
    8: 0.003986  -33385.8991
    9: 0.003053  -33385.8198
   10: 0.002604  -33385.7570
   11: 0.002277  -33385.7068
   12: 0.002034  -33385.6665
   13: 0.001827  -33385.6342
   14: 0.001643  -33385.6082
   15: 0.001479  -33385.5873
   16: 0.001331  -33385.5704
   17: 0.001198  -33385.5568
   18: 0.001077  -33385.5458
   19: 0.000969  -33385.5370

Item Parameter Estimates
(a, b, c for 3PL, 2PL, 1PL; a, b1, b2, ... for GPCM, PCM)
1	0.906423	-1.347660	0.208407
2	0.473684	-0.371264	0.121268
3	0.454707	-1.179623	0.205979
4	0.572846	-0.785926	0.176588
5	0.677359	-1.215177	0.307152
6	0.616771	-1.070789	0.278926
7	1.345043	0.120214	0.317249
8	0.492794	0.422721	0.321266
9	0.625573	-0.638649	0.141979
10	0.908488	-0.353344	0.173849
11	1.071849	-0.778552	0.107534
12	0.626706	-0.335110	0.087110
13	0.897964	0.039772	0.155317
14	0.764979	-0.277579	0.099294
15	1.149896	0.562483	0.324354
16	0.882140	0.570445	0.241832
17	0.656918	0.934675	0.253957
18	0.848905	-0.105520	0.068215
19	1.059801	-0.127841	0.192292
20	0.878602	0.397564	0.157621
21	0.361482	2.504522	0.215255
22	0.823831	-0.090087	0.142616
23	1.384274	0.519738	0.257000
24	1.516551	0.579964	0.235205
25	1.310816	0.620187	0.268282
26	1.088591	0.393237	0.193605
27	1.196990	0.910755	0.177657
28	1.343262	1.084245	0.237970
29	1.076227	0.682977	0.117473
30	0.671011	1.803170	0.080542
31	1.190248	1.323631	0.190957
32	1.096862	0.886164	0.107298
33	1.224951	1.029468	0.065284
34	1.344530	1.724109	0.102385
35	1.284450	1.908184	0.082827
36	1.043982	1.987125	0.129066

Discrete Latent Variable Distributions
(point, probability for group 1, 2, etc)
-4.000000	2.745344e-05
-3.794872	6.106663e-05
-3.589744	1.302378e-04
-3.384615	2.663153e-04
-3.179487	5.221329e-04
-2.974359	9.815038e-04
-2.769231	1.769004e-03
-2.564103	3.056973e-03
-2.358974	5.065011e-03
-2.153846	8.046278e-03
-1.948718	1.225563e-02
-1.743590	1.789790e-02
-1.538462	2.506079e-02
-1.333333	3.364442e-02
-1.128205	4.330694e-02
-0.923077	5.344755e-02
-0.717949	6.324468e-02
-0.512821	7.175402e-02
-0.307692	7.805385e-02
-0.102564	8.140824e-02
0.102564	8.140824e-02
0.307692	7.805385e-02
0.512821	7.175402e-02
0.717949	6.324468e-02
0.923077	5.344755e-02
1.128205	4.330694e-02
1.333333	3.364442e-02
1.538462	2.506079e-02
1.743590	1.789790e-02
1.948718	1.225563e-02
2.153846	8.046278e-03
2.358974	5.065011e-03
2.564103	3.056973e-03
2.769231	1.769004e-03
2.974359	9.815038e-04
3.179487	5.221329e-04
3.384615	2.663153e-04
3.589744	1.302378e-04
3.794872	6.106663e-05
4.000000	2.745344e-05

