IRT Command Language (ICL)
Version 0.020301

Oct 12, 2017 08:26

Number of items: 45
Number of latent variable points: 40
Number of examinee groups: 1

Default prior for a-parameters:
 beta  a: 1.750   b: 3.000   lower limit: 0.000    upper limit: 3.000  
Default prior for b-parameters:
 beta  a: 1.010   b: 1.010   lower limit: -6.000   upper limit: 6.000  
Default prior for c-parameters:
 beta  a: 3.500   b: 4.000   lower limit: 0.000    upper limit: 0.500  

Read 1414 examinee records from file enem_2012.dat

EM iterations
(iteration: parameter criterion, marginal posterior mode)
    1: 0.589125  -35105.0544
    2: 0.205116  -35093.1029
    3: 0.124259  -35089.2138
    4: 0.074365  -35087.6254
    5: 0.044259  -35086.8569
    6: 0.026492  -35086.4311
    7: 0.016065  -35086.1703
    8: 0.009945  -35085.9991
    9: 0.006315  -35085.8812
   10: 0.004120  -35085.7968
   11: 0.003185  -35085.7345
   12: 0.002675  -35085.6872
   13: 0.002268  -35085.6506
   14: 0.001939  -35085.6216
   15: 0.001670  -35085.5982
   16: 0.001448  -35085.5792
   17: 0.001264  -35085.5635
   18: 0.001110  -35085.5505
   19: 0.000987  -35085.5396

Item Parameter Estimates
(a, b, c for 3PL, 2PL, 1PL; a, b1, b2, ... for GPCM, PCM)
1	1.011571	1.749859	0.155396
2	1.721455	2.458356	0.192743
3	0.877367	0.219297	0.206567
4	1.061352	-0.717274	0.121460
5	1.493235	1.074695	0.177247
6	1.992664	2.272498	0.174244
7	2.551460	0.956507	0.179301
8	1.664031	2.289816	0.130266
9	1.268710	1.116495	0.178832
10	1.755037	0.618851	0.164998
11	2.318187	1.810228	0.178430
12	1.793008	2.013570	0.199246
13	0.846038	0.043972	0.088782
14	1.059675	0.259887	0.106991
15	1.459457	1.756680	0.298832
16	0.698024	-1.772102	0.166037
17	0.395170	0.671245	0.153901
18	0.416976	1.494270	0.142307
19	1.111806	3.050098	0.172451
20	1.014345	-0.532940	0.112840
21	2.276351	2.086546	0.143896
22	1.918422	1.456290	0.182675
23	1.175249	1.253019	0.148663
24	1.834180	0.262882	0.231134
25	1.512501	0.818487	0.205823
26	1.456899	3.151003	0.131007
27	1.252654	0.990920	0.136267
28	0.922177	-0.494948	0.204333
29	0.729969	1.633749	0.069707
30	0.959560	2.687646	0.121015
31	0.979648	1.179830	0.139449
32	1.127849	-0.292369	0.138067
33	1.055470	2.491104	0.227285
34	0.823183	0.622339	0.221762
35	0.845610	-0.208291	0.114370
36	0.755283	0.184507	0.199710
37	1.871779	1.529400	0.264693
38	0.901388	0.980927	0.259520
39	1.166184	0.120859	0.124394
40	0.361575	1.200495	0.152880
41	1.269002	1.751505	0.179489
42	1.037943	1.102615	0.095641
43	1.956097	1.832561	0.247850
44	1.136804	-0.460857	0.135130
45	0.729707	1.641151	0.188601

Discrete Latent Variable Distributions
(point, probability for group 1, 2, etc)
-4.000000	2.745344e-05
-3.794872	6.106663e-05
-3.589744	1.302378e-04
-3.384615	2.663153e-04
-3.179487	5.221329e-04
-2.974359	9.815038e-04
-2.769231	1.769004e-03
-2.564103	3.056973e-03
-2.358974	5.065011e-03
-2.153846	8.046278e-03
-1.948718	1.225563e-02
-1.743590	1.789790e-02
-1.538462	2.506079e-02
-1.333333	3.364442e-02
-1.128205	4.330694e-02
-0.923077	5.344755e-02
-0.717949	6.324468e-02
-0.512821	7.175402e-02
-0.307692	7.805385e-02
-0.102564	8.140824e-02
0.102564	8.140824e-02
0.307692	7.805385e-02
0.512821	7.175402e-02
0.717949	6.324468e-02
0.923077	5.344755e-02
1.128205	4.330694e-02
1.333333	3.364442e-02
1.538462	2.506079e-02
1.743590	1.789790e-02
1.948718	1.225563e-02
2.153846	8.046278e-03
2.358974	5.065011e-03
2.564103	3.056973e-03
2.769231	1.769004e-03
2.974359	9.815038e-04
3.179487	5.221329e-04
3.384615	2.663153e-04
3.589744	1.302378e-04
3.794872	6.106663e-05
4.000000	2.745344e-05

