IRT Command Language (ICL)
Version 0.020301

Mar 20, 2018 18:56

Number of items: 45
Number of latent variable points: 40
Number of examinee groups: 1

Default prior for a-parameters:
 beta  a: 1.750   b: 3.000   lower limit: 0.000    upper limit: 3.000  
Default prior for b-parameters:
 beta  a: 1.010   b: 1.010   lower limit: -6.000   upper limit: 6.000  
Default prior for c-parameters:
 beta  a: 3.500   b: 4.000   lower limit: 0.000    upper limit: 0.500  

Read 1000000 examinee records from file 2012-enem-responses-1M.dat

EM iterations
(iteration: parameter criterion, marginal posterior mode)
    1: 0.514900  -27285199.3114
    2: 0.260486  -27266111.6350
    3: 0.168781  -27259145.8516
    4: 0.276818  -27255735.9017
    5: 0.206336  -27253461.2217
    6: 0.103272  -27251596.1055
    7: 0.133473  -27249930.4272
    8: 0.148496  -27248430.9921
    9: 0.149603  -27247100.8888
   10: 0.137111  -27245935.2616
   11: 0.115101  -27244918.8711
   12: 0.098356  -27244030.7783
   13: 0.085437  -27243248.6209
   14: 0.075241  -27242551.3724
   15: 0.066986  -27241921.0043
   16: 0.060331  -27241343.1541
   17: 0.054784  -27240807.3700
   18: 0.050125  -27240306.9595
   19: 0.046161  -27239838.5696
   20: 0.042734  -27239400.5396
   21: 0.039718  -27238991.1507
   22: 0.037528  -27238609.4185
   23: 0.035684  -27238255.2631
   24: 0.033830  -27237928.9694
   25: 0.032231  -27237630.8452
   26: 0.030687  -27237361.0880
   27: 0.029087  -27237119.6535
   28: 0.027431  -27236906.1622
   29: 0.025716  -27236719.9374
   30: 0.023918  -27236560.6545
   31: 0.021952  -27236429.1851
   32: 0.019860  -27236324.9916
   33: 0.018668  -27236243.9583
   34: 0.016786  -27236181.7344
   35: 0.014139  -27236135.1045
   36: 0.011496  -27236101.1203
   37: 0.009614  -27236076.6218
   38: 0.007932  -27236058.9417
   39: 0.006528  -27236046.1237
   40: 0.005378  -27236036.7576
   41: 0.004424  -27236029.8691
   42: 0.003681  -27236024.7630
   43: 0.003071  -27236020.9448
   44: 0.002609  -27236018.0617
   45: 0.002216  -27236015.8625
   46: 0.001885  -27236014.1667
   47: 0.001606  -27236012.8438
   48: 0.001371  -27236011.7999
   49: 0.001172  -27236010.9659
   50: 0.001005  -27236010.2917
   51: 0.000864  -27236009.7403

