IRT Command Language (ICL)
Version 0.020301

Feb 25, 2018 20:01

Number of items: 45
Number of latent variable points: 40
Number of examinee groups: 1

Default prior for a-parameters:
 beta  a: 1.750   b: 3.000   lower limit: 0.000    upper limit: 3.000  
Default prior for b-parameters:
 beta  a: 1.010   b: 1.010   lower limit: -6.000   upper limit: 6.000  
Default prior for c-parameters:
 beta  a: 3.500   b: 4.000   lower limit: 0.000    upper limit: 0.500  

Read 5000 examinee records from file 2012_enem_sample.dat

EM iterations
(iteration: parameter criterion, marginal posterior mode)
    1: 0.950930  -72825.6989
    2: 0.474072  -72411.7753
    3: 0.301622  -72190.6912
    4: 0.195421  -72035.8152
    5: 0.137298  -71918.4244
    6: 0.123917  -71827.9137
    7: 0.113373  -71758.1184
    8: 0.099567  -71704.5396
    9: 0.085215  -71663.6255
   10: 0.071850  -71632.5282
   11: 0.060182  -71608.9839
   12: 0.050319  -71591.2157
   13: 0.042155  -71577.8420
   14: 0.036465  -71567.7982
   15: 0.031696  -71560.2692
   16: 0.027404  -71554.6341
   17: 0.023598  -71550.4220
   18: 0.020262  -71547.2770
   19: 0.017362  -71544.9309
   20: 0.014855  -71543.1820
   21: 0.012697  -71541.8791
   22: 0.010846  -71540.9090
   23: 0.009262  -71540.1870
   24: 0.007907  -71539.6500
   25: 0.006757  -71539.2507
   26: 0.005769  -71538.9540
   27: 0.004920  -71538.7333
   28: 0.004198  -71538.5692
   29: 0.003582  -71538.4470
   30: 0.003059  -71538.3562
   31: 0.002614  -71538.2886
   32: 0.002235  -71538.2384
   33: 0.001911  -71538.2010
   34: 0.001635  -71538.1732
   35: 0.001398  -71538.1526
   36: 0.001197  -71538.1372
   37: 0.001024  -71538.1258
   38: 0.000877  -71538.1174

Item Parameter Estimates
(a, b, c for 3PL, 2PL, 1PL; a, b1, b2, ... for GPCM, PCM)
1	0.887299	1.658498	0.368246
2	0.818182	0.000000	0.227273
3	0.928106	1.698109	0.382083
4	0.818182	0.000000	0.227273
5	0.308828	1.845937	0.130470
6	0.818182	0.000000	0.227273
7	0.411901	2.028538	0.109939
8	0.818182	0.000000	0.227273
9	0.624148	-0.169777	0.162541
10	0.818182	0.000000	0.227273
11	0.997203	0.160838	0.136388
12	0.818182	0.000000	0.227273
13	0.925208	0.177077	0.094257
14	0.818182	0.000000	0.227273
15	1.100537	0.104577	0.072393
16	0.818182	0.000000	0.227273
17	1.307345	0.116132	0.132604
18	0.818182	0.000000	0.227273
19	1.289523	0.363581	0.096955
20	0.818182	0.000000	0.227273
21	0.739275	0.704671	0.077737
22	0.818182	0.000000	0.227273
23	0.887607	0.905448	0.125827
24	0.818182	0.000000	0.227273
25	1.663943	2.216893	0.368284
26	0.818182	0.000000	0.227273
27	1.091009	2.217149	0.337519
28	0.818182	0.000000	0.227273
29	0.899424	0.564089	0.255860
30	0.818182	0.000000	0.227273
31	1.212892	0.961796	0.253920
32	0.818182	0.000000	0.227273
33	1.358425	1.213854	0.160532
34	0.818182	0.000000	0.227273
35	0.923173	1.345384	0.158643
36	0.818182	0.000000	0.227273
37	1.007788	1.149333	0.344254
38	0.818182	0.000000	0.227273
39	1.627805	1.201760	0.245470
40	0.818182	0.000000	0.227273
41	1.898309	1.104522	0.214609
42	0.818182	0.000000	0.227273
43	1.223761	1.230643	0.203952
44	0.818182	0.000000	0.227273
45	1.468946	1.279588	0.201213

Discrete Latent Variable Distributions
(point, probability for group 1, 2, etc)
-4.000000	2.745344e-05
-3.794872	6.106663e-05
-3.589744	1.302378e-04
-3.384615	2.663153e-04
-3.179487	5.221329e-04
-2.974359	9.815038e-04
-2.769231	1.769004e-03
-2.564103	3.056973e-03
-2.358974	5.065011e-03
-2.153846	8.046278e-03
-1.948718	1.225563e-02
-1.743590	1.789790e-02
-1.538462	2.506079e-02
-1.333333	3.364442e-02
-1.128205	4.330694e-02
-0.923077	5.344755e-02
-0.717949	6.324468e-02
-0.512821	7.175402e-02
-0.307692	7.805385e-02
-0.102564	8.140824e-02
0.102564	8.140824e-02
0.307692	7.805385e-02
0.512821	7.175402e-02
0.717949	6.324468e-02
0.923077	5.344755e-02
1.128205	4.330694e-02
1.333333	3.364442e-02
1.538462	2.506079e-02
1.743590	1.789790e-02
1.948718	1.225563e-02
2.153846	8.046278e-03
2.358974	5.065011e-03
2.564103	3.056973e-03
2.769231	1.769004e-03
2.974359	9.815038e-04
3.179487	5.221329e-04
3.384615	2.663153e-04
3.589744	1.302378e-04
3.794872	6.106663e-05
4.000000	2.74